<?xml version="1.0" encoding="UTF-8"?>
<!-- Generated by org.testng.reporters.JUnitReportReporter -->
<testsuite hostname="Samsung-PC" name="keyword.RunScripts" tests="1" failures="0" timestamp="17 Jul 2016 14:41:14 GMT" time="18.257" errors="0">
  <testcase name="runScripts" time="18.257" classname="keyword.RunScripts"/>
</testsuite> <!-- keyword.RunScripts -->
